<?xml version="1.0" encoding="UTF-8"?>
<!-- Generated by org.testng.reporters.JUnitReportReporter -->
<testsuite hostname="DESKTOP-A035239" failures="0" tests="1" name="com.xpath.BaseTesting" time="3.014" errors="0" timestamp="2024-05-21T08:17:23 IST" skipped="0">
  <testcase classname="com.xpath.BaseTesting" name="applicationLauch" time="3.014"/>
  <system-out/>
</testsuite> <!-- com.xpath.BaseTesting -->
