<?xml version="1.0" encoding="UTF-8"?>
<!-- Generated by org.testng.reporters.JUnitReportReporter -->
<testsuite hostname="DESKTOP-A035239" failures="0" tests="1" name="com.webtablecity.WebTable_CapturingFirstColumnCityNames" time="2.395" errors="0" timestamp="2024-05-07T23:00:29 IST" skipped="0">
  <testcase classname="com.webtablecity.WebTable_CapturingFirstColumnCityNames" name="capturingFirstColumnCityNames" time="2.395"/>
  <system-out/>
</testsuite> <!-- com.webtablecity.WebTable_CapturingFirstColumnCityNames -->
