<?xml version="1.0" encoding="UTF-8"?>
<!-- Generated by org.testng.reporters.JUnitReportReporter -->
<testsuite hostname="DESKTOP-A035239" failures="0" tests="6" name="com.TestNG.Annotations1" time="0.013" errors="0" timestamp="2024-05-07T22:35:20 IST" skipped="0">
  <testcase classname="com.TestNG.Annotations1" name="composeMailTest" time="0.001"/>
  <system-out/>
  <testcase classname="com.TestNG.Annotations1" name="sentMailTest" time="0.001"/>
  <system-out/>
  <testcase classname="com.TestNG.Annotations1" name="gmailApplicationClose" time="0.000"/>
  <system-out/>
  <testcase classname="com.TestNG.Annotations1" name="DraftsMailTest" time="0.009"/>
  <system-out/>
  <testcase classname="com.TestNG.Annotations1" name="gmailApplicationLaunch" time="0.001"/>
  <system-out/>
  <testcase classname="com.TestNG.Annotations1" name="LogInTest" time="0.001"/>
  <system-out/>
</testsuite> <!-- com.TestNG.Annotations1 -->
